============================= test session starts =============================
platform win32 -- Python 3.13.7, pytest-8.3.4, pluggy-1.6.0
cachedir: .pytest_cache
rootdir: backend
plugins: anyio-4.12.1
collecting ... collected 6 items

tests/test_sheets_sync.py::TestNormKey::test_cyrillic_summa_maps_to_revenue PASSED [ 16%]
tests/test_sheets_sync.py::TestNormKey::test_latin_c_summa_maps_to_revenue PASSED [ 33%]
tests/test_sheets_sync.py::TestNormKey::test_shipment_date_header PASSED [ 50%]
tests/test_sheets_sync.py::TestParseDecimal::test_russian_number_format PASSED [ 66%]
tests/test_sheets_sync.py::TestParseDecimal::test_api_returns_float PASSED [ 83%]
tests/test_sheets_sync.py::TestMonthsInPeriod::test_feb_2025_to_feb_2026_includes_feb_2026 PASSED [100%]

============================== warnings summary ===============================
  PydanticDeprecatedSince20: Support for class-based `config` is deprecated ...
  (предупреждение из зависимостей; на результат тестов не влияет)

-- Docs: https://docs.pytest.org/en/stable/how-to/capture-warnings.html
======================== 6 passed, 1 warning in ~1 s =========================
